2025-07-13 01:11:11,818 - INFO - 1 change detected
2025-07-13 01:11:12,612 - INFO - 5 changes detected
2025-07-13 01:11:13,087 - INFO - 1 change detected
2025-07-13 01:11:13,453 - INFO - 6 changes detected
2025-07-13 01:11:13,817 - INFO - 5 changes detected
2025-07-13 01:11:14,159 - WARNING - [WARNING] Document Processor not available - using fallback: No module named 'app.document_processor'
2025-07-13 01:11:14,169 - INFO - [ROCKET] RagFlow Backend initialized
2025-07-13 01:11:14,170 - INFO - [FOLDER] Upload directory: ./uploads
2025-07-13 01:11:14,171 - INFO - [CONFIG] Environment: development
2025-07-13 01:11:14,171 - INFO - [ROBOT] Document processor: Fallback mode
2025-07-13 01:11:14,180 - INFO - 1 change detected
2025-07-13 01:11:14,258 - INFO - [ROCKET] Starting RagFlow Backend...
2025-07-13 01:11:14,260 - INFO - [OK] Loaded 3 projects
2025-07-13 01:11:14,278 - INFO - [OK] Loaded 3 documents
2025-07-13 01:11:14,295 - INFO - [OK] Loaded 28 chats
2025-07-13 01:11:14,646 - INFO - 1 change detected
2025-07-13 01:11:14,998 - INFO - 1 change detected
2025-07-13 01:11:15,406 - INFO - 1 change detected
2025-07-13 01:11:15,812 - INFO - 1 change detected
2025-07-13 01:11:16,219 - INFO - 1 change detected
2025-07-13 01:11:16,623 - INFO - 1 change detected
2025-07-13 01:11:17,028 - INFO - 1 change detected
2025-07-13 01:11:17,435 - INFO - 1 change detected
2025-07-13 01:11:17,840 - INFO - 1 change detected
2025-07-13 01:11:18,245 - INFO - 1 change detected
2025-07-13 01:11:18,652 - INFO - 1 change detected
2025-07-13 01:11:19,057 - INFO - 1 change detected
2025-07-13 01:11:19,463 - INFO - 1 change detected
2025-07-13 01:11:19,868 - INFO - 1 change detected
2025-07-13 01:11:20,273 - INFO - 1 change detected
2025-07-13 01:11:20,677 - INFO - 1 change detected
2025-07-13 01:11:21,086 - INFO - 1 change detected
2025-07-13 01:11:21,492 - INFO - 1 change detected
2025-07-13 01:11:21,852 - INFO - 1 change detected
2025-07-13 01:11:22,262 - INFO - 1 change detected
2025-07-13 01:11:22,668 - INFO - 1 change detected
2025-07-13 01:11:23,085 - INFO - 1 change detected
2025-07-13 01:11:23,492 - INFO - 1 change detected
2025-07-13 01:11:23,849 - INFO - 1 change detected
2025-07-13 01:11:24,257 - INFO - 1 change detected
2025-07-13 01:11:24,663 - INFO - 1 change detected
2025-07-13 01:11:25,067 - INFO - 1 change detected
2025-07-13 01:11:25,474 - INFO - 1 change detected
2025-07-13 01:11:25,945 - INFO - [SAVE] Saving data before shutdown...
2025-07-13 01:11:25,954 - INFO - [SAVE] Data saved successfully
2025-07-13 01:11:25,954 - INFO - [WAVE] RagFlow Backend stopped
2025-07-13 01:11:29,845 - WARNING - [WARNING] Document Processor not available - using fallback: No module named 'app.document_processor'
2025-07-13 01:11:29,855 - INFO - [ROCKET] RagFlow Backend initialized
2025-07-13 01:11:29,855 - INFO - [FOLDER] Upload directory: ./uploads
2025-07-13 01:11:29,856 - INFO - [CONFIG] Environment: development
2025-07-13 01:11:29,856 - INFO - [ROBOT] Document processor: Fallback mode
2025-07-13 01:11:31,036 - WARNING - [WARNING] Document Processor not available - using fallback: No module named 'app.document_processor'
2025-07-13 01:11:31,046 - INFO - [ROCKET] RagFlow Backend initialized
2025-07-13 01:11:31,046 - INFO - [FOLDER] Upload directory: ./uploads
2025-07-13 01:11:31,047 - INFO - [CONFIG] Environment: development
2025-07-13 01:11:31,047 - INFO - [ROBOT] Document processor: Fallback mode
2025-07-13 01:11:31,110 - INFO - [ROCKET] Starting RagFlow Backend...
2025-07-13 01:11:31,113 - INFO - [OK] Loaded 3 projects
2025-07-13 01:11:31,126 - INFO - [OK] Loaded 3 documents
2025-07-13 01:11:31,139 - INFO - [OK] Loaded 28 chats
2025-07-13 01:11:31,148 - INFO - 1 change detected
2025-07-13 01:11:31,501 - INFO - 1 change detected
2025-07-13 01:11:31,860 - INFO - 1 change detected
2025-07-13 01:11:32,270 - INFO - 1 change detected
2025-07-13 01:11:32,673 - INFO - 1 change detected
2025-07-13 01:11:33,080 - INFO - 1 change detected
2025-07-13 01:11:33,484 - INFO - 1 change detected
2025-07-13 01:11:33,887 - INFO - 1 change detected
2025-07-13 01:11:34,294 - INFO - 1 change detected
2025-07-13 01:11:47,117 - INFO - 1 change detected
2025-07-13 01:16:04,756 - INFO - 1 change detected
2025-07-13 01:16:04,973 - INFO - [SAVE] Saving data before shutdown...
2025-07-13 01:16:04,983 - INFO - [SAVE] Data saved successfully
2025-07-13 01:16:04,983 - INFO - [WAVE] RagFlow Backend stopped
2025-07-13 01:16:05,547 - INFO - 5 changes detected
2025-07-13 01:16:05,974 - INFO - 1 change detected
2025-07-13 01:16:06,341 - INFO - 5 changes detected
2025-07-13 01:16:06,693 - INFO - 1 change detected
2025-07-13 01:16:06,864 - WARNING - [WARNING] Document Processor not available - using fallback: No module named 'app.document_processor'
2025-07-13 01:16:06,876 - INFO - [ROCKET] RagFlow Backend initialized
2025-07-13 01:16:06,877 - INFO - [FOLDER] Upload directory: ./uploads
2025-07-13 01:16:06,877 - INFO - [CONFIG] Environment: development
2025-07-13 01:16:06,878 - INFO - [ROBOT] Document processor: Fallback mode
2025-07-13 01:16:06,950 - INFO - [ROCKET] Starting RagFlow Backend...
2025-07-13 01:16:06,953 - INFO - [OK] Loaded 3 projects
2025-07-13 01:16:06,967 - INFO - [OK] Loaded 3 documents
2025-07-13 01:16:06,980 - INFO - [OK] Loaded 28 chats
2025-07-13 01:16:07,056 - INFO - 1 change detected
2025-07-13 01:16:07,417 - INFO - 1 change detected
2025-07-13 01:16:07,777 - INFO - 1 change detected
2025-07-13 01:16:08,136 - INFO - 1 change detected
2025-07-13 01:16:08,499 - INFO - 1 change detected
2025-07-13 01:16:08,854 - INFO - 1 change detected
2025-07-13 01:16:09,261 - INFO - 1 change detected
2025-07-13 01:16:09,666 - INFO - 1 change detected
2025-07-13 01:16:10,076 - INFO - 1 change detected
2025-07-13 01:16:10,252 - INFO - [REQUEST] GET http://localhost:8000/api/health
2025-07-13 01:16:10,253 - INFO - [RESPONSE] 200 - 0.002s
2025-07-13 01:16:10,478 - INFO - 1 change detected
2025-07-13 01:16:10,886 - INFO - 1 change detected
2025-07-13 01:16:11,241 - INFO - 1 change detected
2025-07-13 01:16:11,649 - INFO - 1 change detected
2025-07-13 01:16:12,055 - INFO - 1 change detected
2025-07-13 01:16:12,461 - INFO - 1 change detected
2025-07-13 01:16:12,862 - INFO - 1 change detected
2025-07-13 01:16:13,268 - INFO - 1 change detected
2025-07-13 01:16:13,674 - INFO - 1 change detected
2025-07-13 01:16:14,077 - INFO - 1 change detected
2025-07-13 01:16:14,482 - INFO - 1 change detected
2025-07-13 01:16:14,889 - INFO - 1 change detected
2025-07-13 01:16:15,292 - INFO - 1 change detected
2025-07-13 01:16:15,695 - INFO - 1 change detected
2025-07-13 01:16:16,102 - INFO - 1 change detected
2025-07-13 01:16:16,507 - INFO - 1 change detected
2025-07-13 01:16:16,914 - INFO - 1 change detected
2025-07-13 01:16:17,320 - INFO - 1 change detected
2025-07-13 01:16:17,725 - INFO - 1 change detected
2025-07-13 01:16:18,130 - INFO - 1 change detected
2025-07-13 01:16:18,323 - INFO - [SAVE] Saving data before shutdown...
2025-07-13 01:16:18,332 - INFO - [SAVE] Data saved successfully
2025-07-13 01:16:18,332 - INFO - [WAVE] RagFlow Backend stopped
2025-07-13 01:16:21,535 - WARNING - [WARNING] Document Processor not available - using fallback: No module named 'app.document_processor'
2025-07-13 01:16:21,547 - INFO - [ROCKET] RagFlow Backend initialized
2025-07-13 01:16:21,547 - INFO - [FOLDER] Upload directory: ./uploads
2025-07-13 01:16:21,548 - INFO - [CONFIG] Environment: development
2025-07-13 01:16:21,549 - INFO - [ROBOT] Document processor: Fallback mode
2025-07-13 01:16:22,767 - WARNING - [WARNING] Document Processor not available - using fallback: No module named 'app.document_processor'
2025-07-13 01:16:22,778 - INFO - [ROCKET] RagFlow Backend initialized
2025-07-13 01:16:22,778 - INFO - [FOLDER] Upload directory: ./uploads
2025-07-13 01:16:22,779 - INFO - [CONFIG] Environment: development
2025-07-13 01:16:22,779 - INFO - [ROBOT] Document processor: Fallback mode
2025-07-13 01:16:22,844 - INFO - [ROCKET] Starting RagFlow Backend...
2025-07-13 01:16:22,847 - INFO - [OK] Loaded 3 projects
2025-07-13 01:16:22,860 - INFO - [OK] Loaded 3 documents
2025-07-13 01:16:22,874 - INFO - [OK] Loaded 28 chats
2025-07-13 01:16:22,878 - INFO - 1 change detected
2025-07-13 01:16:23,244 - INFO - 1 change detected
2025-07-13 01:16:23,605 - INFO - 1 change detected
2025-07-13 01:16:24,013 - INFO - 1 change detected
2025-07-13 01:16:24,418 - INFO - 1 change detected
2025-07-13 01:16:24,824 - INFO - 1 change detected
2025-07-13 01:16:25,231 - INFO - 1 change detected
2025-07-13 01:16:25,633 - INFO - 1 change detected
2025-07-13 01:16:26,045 - INFO - 1 change detected
2025-07-13 01:16:26,450 - INFO - 1 change detected
2025-07-13 01:16:26,855 - INFO - 1 change detected
2025-07-13 01:16:27,258 - INFO - 1 change detected
2025-07-13 01:16:27,664 - INFO - 1 change detected
2025-07-13 01:16:28,068 - INFO - 1 change detected
2025-07-13 01:16:28,473 - INFO - 1 change detected
2025-07-13 01:16:28,879 - INFO - 1 change detected
2025-07-13 01:16:29,282 - INFO - 1 change detected
2025-07-13 01:16:29,640 - INFO - 1 change detected
2025-07-13 01:16:30,053 - INFO - 1 change detected
2025-07-13 01:16:30,454 - INFO - 1 change detected
2025-07-13 01:16:30,860 - INFO - 1 change detected
2025-07-13 01:16:31,264 - INFO - 1 change detected
2025-07-13 01:16:31,669 - INFO - 1 change detected
2025-07-13 01:16:32,072 - INFO - 1 change detected
2025-07-13 01:16:32,477 - INFO - 1 change detected
2025-07-13 01:16:32,885 - INFO - 1 change detected
2025-07-13 01:16:33,290 - INFO - 1 change detected
2025-07-13 01:16:33,645 - INFO - 1 change detected
2025-07-13 01:16:34,056 - INFO - 1 change detected
2025-07-13 01:16:34,460 - INFO - 1 change detected
2025-07-13 01:16:34,864 - INFO - 1 change detected
2025-07-13 01:16:35,269 - INFO - 1 change detected
2025-07-13 01:16:38,974 - INFO - [REQUEST] GET http://localhost:8000/api/health
2025-07-16 00:06:50,850 - WARNING - [WARNING] Document Processor not available - using fallback: No module named 'app.document_processor'
2025-07-16 00:06:50,887 - INFO - [ROCKET] RagFlow Backend initialized
2025-07-16 00:06:50,888 - INFO - [FOLDER] Upload directory: ./uploads
2025-07-16 00:06:50,892 - INFO - [CONFIG] Environment: development
2025-07-16 00:06:50,893 - INFO - [ROBOT] Document processor: Fallback mode
2025-07-16 00:06:53,049 - WARNING - [WARNING] Document Processor not available - using fallback: No module named 'app.document_processor'
2025-07-16 00:06:53,070 - INFO - [ROCKET] RagFlow Backend initialized
2025-07-16 00:06:53,070 - INFO - [FOLDER] Upload directory: ./uploads
2025-07-16 00:06:53,070 - INFO - [CONFIG] Environment: development
2025-07-16 00:06:53,070 - INFO - [ROBOT] Document processor: Fallback mode
2025-07-16 00:06:53,185 - INFO - 1 change detected
2025-07-16 00:06:53,326 - INFO - [ROCKET] Starting RagFlow Backend...
2025-07-16 00:06:53,343 - INFO - [OK] Loaded 3 projects
2025-07-16 00:06:53,359 - INFO - [OK] Loaded 3 documents
2025-07-16 00:06:53,371 - INFO - [OK] Loaded 25 chats
2025-07-16 00:06:54,249 - INFO - 1 change detected
2025-07-16 00:06:55,365 - INFO - 1 change detected
2025-07-16 00:06:56,438 - INFO - 1 change detected
2025-07-16 00:06:57,567 - INFO - 1 change detected
2025-07-16 00:06:58,637 - INFO - 1 change detected
2025-07-16 00:06:59,760 - INFO - 1 change detected
2025-07-16 00:07:00,828 - INFO - 1 change detected
2025-07-16 00:07:01,908 - INFO - 1 change detected
2025-07-16 00:07:03,028 - INFO - 1 change detected
2025-07-16 00:07:04,094 - INFO - 1 change detected
2025-07-16 00:07:05,222 - INFO - 1 change detected
2025-07-16 00:07:06,291 - INFO - 1 change detected
2025-07-16 00:07:07,403 - INFO - 1 change detected
2025-07-16 00:07:08,469 - INFO - 1 change detected
2025-07-16 00:07:09,536 - INFO - 1 change detected
2025-07-16 00:07:10,652 - INFO - 1 change detected
2025-07-16 00:07:11,717 - INFO - 1 change detected
2025-07-16 00:07:12,832 - INFO - 1 change detected
2025-07-16 00:07:13,903 - INFO - 1 change detected
2025-07-16 00:07:15,023 - INFO - 1 change detected
2025-07-16 00:07:16,143 - INFO - 1 change detected
2025-07-16 00:07:17,206 - INFO - 1 change detected
2025-07-16 00:07:18,284 - INFO - 1 change detected
2025-07-16 00:07:19,397 - INFO - 1 change detected
2025-07-16 00:07:20,481 - INFO - 1 change detected
2025-07-16 00:07:21,605 - INFO - 1 change detected
2025-07-16 00:07:22,684 - INFO - 1 change detected
2025-07-16 00:07:23,800 - INFO - 1 change detected
2025-07-16 00:07:24,909 - INFO - 1 change detected
2025-07-16 00:07:25,981 - INFO - 1 change detected
2025-07-16 00:07:27,095 - INFO - 1 change detected
2025-07-16 00:07:28,192 - INFO - 1 change detected
2025-07-16 00:07:29,312 - INFO - 1 change detected
2025-07-16 00:07:30,384 - INFO - 1 change detected
2025-07-16 00:07:31,499 - INFO - 1 change detected
2025-07-16 00:07:32,566 - INFO - 1 change detected
2025-07-16 00:07:33,691 - INFO - 1 change detected
2025-07-16 00:07:34,757 - INFO - 1 change detected
2025-07-16 00:07:35,871 - INFO - 1 change detected
2025-07-16 00:07:36,938 - INFO - 1 change detected
2025-07-16 00:07:38,055 - INFO - 1 change detected
2025-07-16 00:07:39,143 - INFO - 1 change detected
2025-07-16 00:07:40,214 - INFO - 1 change detected
2025-07-16 00:07:40,695 - INFO - 1 change detected
2025-07-16 00:07:41,059 - INFO - 1 change detected
2025-07-16 00:07:42,240 - INFO - 1 change detected
2025-07-16 00:07:43,321 - INFO - 1 change detected
2025-07-16 00:07:44,442 - INFO - 1 change detected
2025-07-16 00:07:45,512 - INFO - 1 change detected
2025-07-16 00:07:46,636 - INFO - 1 change detected
2025-07-16 00:07:47,717 - INFO - 1 change detected
2025-07-16 00:07:48,873 - INFO - 1 change detected
2025-07-16 00:07:50,422 - INFO - 1 change detected
2025-07-16 00:07:55,667 - INFO - 1 change detected
2025-07-16 00:07:57,306 - INFO - 1 change detected
2025-07-16 00:08:01,533 - INFO - 1 change detected
2025-07-16 00:08:02,850 - INFO - 1 change detected
2025-07-16 00:08:07,299 - INFO - 1 change detected
2025-07-16 00:08:08,716 - INFO - 1 change detected
2025-07-16 00:08:12,837 - INFO - 1 change detected
2025-07-16 00:08:14,350 - INFO - 1 change detected
2025-07-16 00:08:18,430 - INFO - 1 change detected
2025-07-16 00:08:19,939 - INFO - 1 change detected
2025-07-16 00:08:29,416 - INFO - 1 change detected
2025-07-16 00:08:31,032 - INFO - 1 change detected
2025-07-16 00:08:33,702 - INFO - 1 change detected
2025-07-16 00:08:34,584 - INFO - 1 change detected
2025-07-16 00:08:41,878 - INFO - 1 change detected
2025-07-16 00:08:43,231 - INFO - 1 change detected
2025-07-16 00:08:45,957 - INFO - 1 change detected
2025-07-16 00:08:46,826 - INFO - 1 change detected
2025-07-16 00:08:53,932 - INFO - 1 change detected
2025-07-16 00:08:54,808 - INFO - 1 change detected
2025-07-16 00:08:56,705 - INFO - 1 change detected
2025-07-16 00:08:57,643 - INFO - 1 change detected
2025-07-16 00:08:58,003 - INFO - 1 change detected
2025-07-16 00:09:03,650 - INFO - 1 change detected
2025-07-16 00:09:04,007 - INFO - 1 change detected
2025-07-16 00:09:04,418 - INFO - 1 change detected
2025-07-16 00:09:05,535 - INFO - 1 change detected
2025-07-16 00:09:05,998 - INFO - 1 change detected
2025-07-16 00:09:06,358 - INFO - 1 change detected
2025-07-16 00:09:06,721 - INFO - 1 change detected
2025-07-16 00:09:08,797 - INFO - 1 change detected
2025-07-16 00:09:10,273 - INFO - 1 change detected
2025-07-16 00:09:11,386 - INFO - 1 change detected
2025-07-16 00:09:12,448 - INFO - 1 change detected
2025-07-16 00:09:13,562 - INFO - 1 change detected
2025-07-16 00:09:14,637 - INFO - 1 change detected
2025-07-16 00:09:15,769 - INFO - 1 change detected
2025-07-16 00:09:16,845 - INFO - 1 change detected
2025-07-16 00:09:17,955 - INFO - 1 change detected
2025-07-16 00:09:19,066 - INFO - 1 change detected
2025-07-16 00:09:20,203 - INFO - 1 change detected
2025-07-16 00:09:21,282 - INFO - 1 change detected
2025-07-16 00:09:23,143 - INFO - 1 change detected
2025-07-16 00:09:24,262 - INFO - 1 change detected
2025-07-16 00:09:25,325 - INFO - 1 change detected
2025-07-16 00:09:26,439 - INFO - 1 change detected
2025-07-16 00:09:27,560 - INFO - 1 change detected
2025-07-16 00:09:28,629 - INFO - 1 change detected
2025-07-16 00:09:29,741 - INFO - 1 change detected
2025-07-16 00:09:30,808 - INFO - 1 change detected
2025-07-16 00:09:31,926 - INFO - 1 change detected
2025-07-16 00:09:33,050 - INFO - 1 change detected
2025-07-16 00:09:34,137 - INFO - 1 change detected
2025-07-16 00:09:35,226 - INFO - 1 change detected
2025-07-16 00:09:36,338 - INFO - 1 change detected
2025-07-16 00:09:37,413 - INFO - 1 change detected
2025-07-16 00:09:38,528 - INFO - 1 change detected
2025-07-16 00:09:39,635 - INFO - 1 change detected
2025-07-16 00:09:40,706 - INFO - 1 change detected
2025-07-16 00:09:41,810 - INFO - 1 change detected
2025-07-16 00:09:42,925 - INFO - 1 change detected
2025-07-16 00:09:44,048 - INFO - 1 change detected
2025-07-16 00:09:45,122 - INFO - 1 change detected
2025-07-16 00:09:46,241 - INFO - 1 change detected
2025-07-16 00:09:47,302 - INFO - 1 change detected
2025-07-16 00:09:48,413 - INFO - 1 change detected
2025-07-16 00:09:49,483 - INFO - 1 change detected
2025-07-16 00:09:50,602 - INFO - 1 change detected
2025-07-16 00:09:51,666 - INFO - 1 change detected
2025-07-16 00:09:52,779 - INFO - 1 change detected
2025-07-16 00:09:53,898 - INFO - 1 change detected
2025-07-16 00:09:54,959 - INFO - 1 change detected
2025-07-16 00:09:56,059 - INFO - 1 change detected
2025-07-16 00:09:57,132 - INFO - 1 change detected
2025-07-16 00:09:58,253 - INFO - 1 change detected
2025-07-16 00:09:59,378 - INFO - 1 change detected
2025-07-16 00:10:00,491 - INFO - 1 change detected
2025-07-16 00:10:01,558 - INFO - 1 change detected
2025-07-16 00:10:02,649 - INFO - 1 change detected
2025-07-16 00:10:03,790 - INFO - 1 change detected
2025-07-16 00:10:04,860 - INFO - 1 change detected
2025-07-16 00:10:05,944 - INFO - 1 change detected
2025-07-16 00:10:07,127 - INFO - 1 change detected
2025-07-16 00:10:08,200 - INFO - 1 change detected
2025-07-16 00:10:09,284 - INFO - 1 change detected
2025-07-16 00:10:10,413 - INFO - 1 change detected
2025-07-16 00:10:11,448 - INFO - 1 change detected
2025-07-16 00:10:12,585 - INFO - 1 change detected
2025-07-16 00:10:13,653 - INFO - 1 change detected
2025-07-16 00:10:14,779 - INFO - 1 change detected
2025-07-16 00:10:15,853 - INFO - 1 change detected
2025-07-16 00:10:16,925 - INFO - 1 change detected
2025-07-16 00:10:18,049 - INFO - 1 change detected
2025-07-16 00:10:19,802 - INFO - 1 change detected
2025-07-16 00:10:20,920 - INFO - 1 change detected
2025-07-16 00:10:21,999 - INFO - 1 change detected
2025-07-16 00:10:23,083 - INFO - 1 change detected
2025-07-16 00:10:24,162 - INFO - 1 change detected
2025-07-16 00:10:25,290 - INFO - 1 change detected
2025-07-16 00:10:26,353 - INFO - 1 change detected
2025-07-16 00:10:27,484 - INFO - 1 change detected
2025-07-16 00:10:28,553 - INFO - 1 change detected
2025-07-16 00:10:29,629 - INFO - 1 change detected
2025-07-16 00:10:31,263 - INFO - 1 change detected
2025-07-16 00:10:32,348 - INFO - 1 change detected
2025-07-16 00:10:33,721 - INFO - 1 change detected
2025-07-16 00:10:34,488 - INFO - [REQUEST] GET http://localhost:8000/api/health
2025-07-16 00:10:34,492 - INFO - [RESPONSE] 200 - 0.003s
2025-07-16 00:10:34,497 - INFO - [REQUEST] GET http://localhost:8000/api/health
2025-07-16 00:10:34,498 - INFO - [RESPONSE] 200 - 0.001s
2025-07-16 00:10:34,810 - INFO - 1 change detected
2025-07-16 00:10:35,928 - INFO - 1 change detected
2025-07-16 00:10:37,019 - INFO - 1 change detected
2025-07-16 00:10:38,090 - INFO - 1 change detected
2025-07-16 00:10:39,202 - INFO - 1 change detected
2025-07-16 00:10:39,394 - INFO - [REQUEST] OPTIONS http://localhost:8000/api/v1/chat
2025-07-16 00:10:39,395 - INFO - [RESPONSE] 200 - 0.001s
2025-07-16 00:10:39,400 - INFO - [REQUEST] POST http://localhost:8000/api/v1/chat
2025-07-16 00:10:39,407 - INFO - [RESPONSE] 400 - 0.007s
2025-07-16 00:10:40,273 - INFO - 1 change detected
2025-07-16 00:10:41,382 - INFO - 1 change detected
2025-07-16 00:10:42,459 - INFO - 1 change detected
2025-07-16 00:10:43,580 - INFO - 1 change detected
2025-07-16 00:10:44,654 - INFO - 1 change detected
2025-07-16 00:10:45,747 - INFO - 1 change detected
2025-07-16 00:10:46,898 - INFO - 1 change detected
2025-07-16 00:10:49,263 - INFO - 1 change detected
2025-07-16 00:10:52,589 - INFO - 1 change detected
2025-07-16 00:10:53,791 - INFO - 1 change detected
2025-07-16 00:10:54,903 - INFO - 1 change detected
2025-07-16 00:10:55,971 - INFO - 1 change detected
2025-07-16 00:10:57,087 - INFO - 1 change detected
2025-07-16 00:10:58,204 - INFO - 1 change detected
2025-07-16 00:10:59,323 - INFO - 1 change detected
2025-07-16 00:11:00,407 - INFO - 1 change detected
2025-07-16 00:11:01,522 - INFO - 1 change detected
2025-07-16 00:11:02,596 - INFO - 1 change detected
2025-07-16 00:11:03,687 - INFO - 1 change detected
2025-07-16 00:11:04,768 - INFO - 1 change detected
2025-07-16 00:11:04,887 - INFO - [REQUEST] GET http://localhost:8000/api/health
2025-07-16 00:11:04,888 - INFO - [RESPONSE] 200 - 0.001s
2025-07-16 00:11:05,885 - INFO - 1 change detected
2025-07-16 00:11:06,959 - INFO - 1 change detected
2025-07-16 00:11:08,083 - INFO - 1 change detected
2025-07-16 00:11:09,145 - INFO - 1 change detected
2025-07-16 00:11:10,236 - INFO - 1 change detected
2025-07-16 00:11:11,393 - INFO - 1 change detected
2025-07-16 00:11:12,467 - INFO - 1 change detected
2025-07-16 00:11:13,581 - INFO - 1 change detected
2025-07-16 00:11:14,700 - INFO - 1 change detected
2025-07-16 00:11:15,799 - INFO - 1 change detected
2025-07-16 00:11:16,882 - INFO - 1 change detected
2025-07-16 00:11:18,012 - INFO - 1 change detected
2025-07-16 00:11:19,088 - INFO - 1 change detected
2025-07-16 00:11:20,210 - INFO - 1 change detected
2025-07-16 00:11:21,278 - INFO - 1 change detected
2025-07-16 00:11:22,402 - INFO - 1 change detected
2025-07-16 00:11:23,527 - INFO - 1 change detected
2025-07-16 00:11:24,614 - INFO - 1 change detected
2025-07-16 00:11:25,755 - INFO - 1 change detected
2025-07-16 00:11:26,876 - INFO - 1 change detected
2025-07-16 00:11:27,993 - INFO - 1 change detected
2025-07-16 00:11:29,085 - INFO - 1 change detected
2025-07-16 00:11:30,178 - INFO - 1 change detected
2025-07-16 00:11:31,275 - INFO - 1 change detected
2025-07-16 00:11:32,370 - INFO - 1 change detected
2025-07-16 00:11:33,488 - INFO - 1 change detected
2025-07-16 00:11:34,183 - INFO - [REQUEST] GET http://localhost:8000/api/health
2025-07-16 00:11:34,185 - INFO - [RESPONSE] 200 - 0.002s
2025-07-16 00:11:34,551 - INFO - 1 change detected
2025-07-16 00:11:35,673 - INFO - 1 change detected
2025-07-16 00:11:36,793 - INFO - 1 change detected
2025-07-16 00:11:37,874 - INFO - 1 change detected
2025-07-16 00:11:38,967 - INFO - 1 change detected
2025-07-16 00:11:40,073 - INFO - 1 change detected
2025-07-16 00:11:41,198 - INFO - 1 change detected
2025-07-16 00:11:42,317 - INFO - 1 change detected
2025-07-16 00:11:43,382 - INFO - 1 change detected
